<?xml version="1.0" encoding="UTF-8"?>
<!-- Generated by org.testng.reporters.JUnitReportReporter -->
<testsuite skipped="0" hostname="Scientist" name="NewTest.NewTest" tests="1" failures="0" timestamp="20 Aug 2020 08:57:08 GMT" time="0.013" errors="0">
  <testcase name="f" time="0.013" classname="NewTest.NewTest"/>
</testsuite> <!-- NewTest.NewTest -->
